<?xml version="1.0" encoding="utf-8"?><testsuites name="pytest tests"><testsuite name="pytest" errors="0" failures="0" skipped="0" tests="3" time="1.073" timestamp="2026-05-15T17:32:04.781642+00:00" hostname="agent-env-dfb802b5-dc55-4e74-af04-f71da8d70f65"><testcase classname="backend.tests.test_health" name="test_api_root" time="0.320" /><testcase classname="backend.tests.test_health" name="test_api_status_get" time="0.256" /><testcase classname="backend.tests.test_health" name="test_api_status_post_and_get" time="0.377" /></testsuite></testsuites>